[0m22:01:26.370551 [debug] [MainThread]: Sending event: {'category': 'dbt', 'action': 'invocation', 'label': 'start', 'context': [<snowplow_tracker.self_describing_json.SelfDescribingJson object at 0x1051bf290>, <snowplow_tracker.self_describing_json.SelfDescribingJson object at 0x1051ba9d0>, <snowplow_tracker.self_describing_json.SelfDescribingJson object at 0x103451a50>]}


============================== 22:01:26.372457 | cdb1665d-f676-493f-8aa6-e567a3b9c78f ==============================
[0m22:01:26.372457 [info ] [MainThread]: Running with dbt=1.8.7
[0m22:01:26.372785 [debug] [MainThread]: running dbt with arguments {'write_json': 'True', 'indirect_selection': 'eager', 'profiles_dir': '/Users/shatayu/.dbt', 'version_check': 'True', 'quiet': 'False', 'static_parser': 'True', 'fail_fast': 'False', 'warn_error_options': 'WarnErrorOptions(include=[], exclude=[])', 'use_experimental_parser': 'False', 'use_colors': 'True', 'printer_width': '80', 'no_print': 'None', 'debug': 'False', 'partial_parse': 'True', 'send_anonymous_usage_stats': 'True', 'warn_error': 'None', 'log_path': 'logs', 'empty': 'None', 'log_cache_events': 'False', 'invocation_command': 'dbt init build_mau', 'cache_selected_only': 'False', 'introspect': 'True', 'log_format': 'default', 'target_path': 'None'}
[0m22:01:26.379853 [warn ] [MainThread]: [ConfigFolderDirectory]: Unable to parse logging event dictionary. Failed to parse dir field: expected string or bytes-like object, got 'PosixPath'.. Dictionary: {'dir': PosixPath('/Users/shatayu/.dbt')}
[0m22:01:26.380068 [info ] [MainThread]: Creating dbt configuration folder at 
[0m22:01:26.380971 [debug] [MainThread]: Starter project path: /opt/anaconda3/lib/python3.11/site-packages/dbt/include/starter_project
[0m22:01:26.384495 [info ] [MainThread]: 
Your new dbt project "build_mau" was created!

For more information on how to configure the profiles.yml file,
please consult the dbt documentation here:

  https://docs.getdbt.com/docs/configure-your-profile

One more thing:

Need help? Don't hesitate to reach out to us via GitHub issues or on Slack:

  https://community.getdbt.com/

Happy modeling!

[0m22:01:26.384668 [info ] [MainThread]: Setting up your profile.
[0m22:11:37.968830 [info ] [MainThread]: Profile build_mau written to /Users/shatayu/.dbt/profiles.yml using target's profile_template.yml and your supplied values. Run 'dbt debug' to validate the connection.
[0m22:11:37.973137 [debug] [MainThread]: Resource report: {"command_name": "init", "command_success": true, "command_wall_clock_time": 611.6482, "process_user_time": 1.355731, "process_kernel_time": 1.674718, "process_mem_max_rss": "182648832", "process_in_blocks": "0", "process_out_blocks": "0"}
[0m22:11:37.973634 [debug] [MainThread]: Command `dbt init` succeeded at 22:11:37.973546 after 611.65 seconds
[0m22:11:37.973940 [debug] [MainThread]: Sending event: {'category': 'dbt', 'action': 'invocation', 'label': 'end', 'context': [<snowplow_tracker.self_describing_json.SelfDescribingJson object at 0x1051e6810>, <snowplow_tracker.self_describing_json.SelfDescribingJson object at 0x10516f1d0>, <snowplow_tracker.self_describing_json.SelfDescribingJson object at 0x100e88dd0>]}
[0m22:11:37.974243 [debug] [MainThread]: Flushing usage events
